<?xml version="1.0" encoding="UTF-8"?>
<testsuite xmlns:xsi="http://www.w3.org/2001/XMLSchema-instance" xsi:noNamespaceSchemaLocation="https://maven.apache.org/surefire/maven-surefire-plugin/xsd/surefire-test-report.xsd" version="3.0.2" name="com.example.etudiant.EtudiantApplicationTests" time="13.782" tests="1" errors="0" skipped="0" failures="0">
  <properties>
[...]
</properties>
  <testcase name="contextLoads" classname="com.example.etudiant.EtudiantApplicationTests" time="0.894">
    <system-out><![CDATA[17:33:04.555 [main] INFO org.springframework.test.context.support.AnnotationConfigContextLoaderUtils -- Could not detect default configuration classes for test class [com.example.etudiant.EtudiantApplicationTests]: EtudiantApplicationTests does not declare any static, non-private, non-final, nested classes annotated with @Configuration.
17:33:04.771 [main] INFO org.springframework.boot.test.context.SpringBootTestContextBootstrapper -- Found @SpringBootConfiguration com.example.etudiant.EtudiantApplication for test class com.example.etudiant.EtudiantApplicationTests
17:33:05.364 [main] INFO org.springframework.boot.devtools.restart.RestartApplicationListener -- Restart disabled due to context in which it is running

  .   ____          _            __ _ _
 /\\ / ___'_ __ _ _(_)_ __  __ _ \ \ \ \
( ( )\___ | '_ | '_| | '_ \/ _` | \ \ \ \
 \\/  ___)| |_)| | | | | || (_| |  ) ) ) )
  '  |____| .__|_| |_|_| |_\__, | / / / /
 =========|_|==============|___/=/_/_/_/

 :: Spring Boot ::                (v3.4.2)

2025-04-24T17:33:06.404+01:00  INFO 26472 --- [etudiant] [           main] c.e.etudiant.EtudiantApplicationTests    : Starting EtudiantApplicationTests using Java 17.0.11 with PID 26472 (started by blade in C:\Users\blade\OneDrive\Bureau\backup microservice\backup 2\microservices-universite\microservices-universite-Etudiant-Service)
2025-04-24T17:33:06.406+01:00  INFO 26472 --- [etudiant] [           main] c.e.etudiant.EtudiantApplicationTests    : No active profile set, falling back to 1 default profile: "default"
2025-04-24T17:33:08.058+01:00  INFO 26472 --- [etudiant] [           main] .s.d.r.c.RepositoryConfigurationDelegate : Bootstrapping Spring Data JPA repositories in DEFAULT mode.
2025-04-24T17:33:08.476+01:00  INFO 26472 --- [etudiant] [           main] .s.d.r.c.RepositoryConfigurationDelegate : Finished Spring Data repository scanning in 370 ms. Found 1 JPA repository interface.
2025-04-24T17:33:09.112+01:00  INFO 26472 --- [etudiant] [           main] o.s.cloud.context.scope.GenericScope     : BeanFactory id=01ce5c9a-505b-3ade-830b-be2da4d7b9b6
2025-04-24T17:33:09.752+01:00  INFO 26472 --- [etudiant] [           main] o.hibernate.jpa.internal.util.LogHelper  : HHH000204: Processing PersistenceUnitInfo [name: default]
2025-04-24T17:33:09.932+01:00  INFO 26472 --- [etudiant] [           main] org.hibernate.Version                    : HHH000412: Hibernate ORM core version 6.6.5.Final
2025-04-24T17:33:10.054+01:00  INFO 26472 --- [etudiant] [           main] o.h.c.internal.RegionFactoryInitiator    : HHH000026: Second-level cache disabled
2025-04-24T17:33:10.860+01:00  INFO 26472 --- [etudiant] [           main] o.s.o.j.p.SpringPersistenceUnitInfo      : No LoadTimeWeaver setup: ignoring JPA class transformer
2025-04-24T17:33:10.931+01:00  INFO 26472 --- [etudiant] [           main] com.zaxxer.hikari.HikariDataSource       : HikariPool-1 - Starting...
2025-04-24T17:33:11.484+01:00  INFO 26472 --- [etudiant] [           main] com.zaxxer.hikari.pool.HikariPool        : HikariPool-1 - Added connection conn0: url=jdbc:h2:file:./data/studentdb user=SA
2025-04-24T17:33:11.487+01:00  INFO 26472 --- [etudiant] [           main] com.zaxxer.hikari.HikariDataSource       : HikariPool-1 - Start completed.
2025-04-24T17:33:11.534+01:00  WARN 26472 --- [etudiant] [           main] org.hibernate.orm.deprecation            : HHH90000025: H2Dialect does not need to be specified explicitly using 'hibernate.dialect' (remove the property setting and it will be selected by default)
2025-04-24T17:33:11.574+01:00  INFO 26472 --- [etudiant] [           main] org.hibernate.orm.connections.pooling    : HHH10001005: Database info:
	Database JDBC URL [Connecting through datasource 'HikariDataSource (HikariPool-1)']
	Database driver: undefined/unknown
	Database version: 2.3.232
	Autocommit mode: undefined/unknown
	Isolation level: undefined/unknown
	Minimum pool size: undefined/unknown
	Maximum pool size: undefined/unknown
2025-04-24T17:33:13.117+01:00  INFO 26472 --- [etudiant] [           main] o.h.e.t.j.p.i.JtaPlatformInitiator       : HHH000489: No JTA platform available (set 'hibernate.transaction.jta.platform' to enable JTA platform integration)
2025-04-24T17:33:13.255+01:00  INFO 26472 --- [etudiant] [           main] j.LocalContainerEntityManagerFactoryBean : Initialized JPA EntityManagerFactory for persistence unit 'default'
2025-04-24T17:33:14.069+01:00  WARN 26472 --- [etudiant] [           main] JpaBaseConfiguration$JpaWebConfiguration : spring.jpa.open-in-view is enabled by default. Therefore, database queries may be performed during view rendering. Explicitly configure spring.jpa.open-in-view to disable this warning
2025-04-24T17:33:15.714+01:00  INFO 26472 --- [etudiant] [           main] o.s.b.a.h2.H2ConsoleAutoConfiguration    : H2 console available at '/h2'. Database available at 'jdbc:h2:file:./data/studentdb'
2025-04-24T17:33:16.149+01:00  INFO 26472 --- [etudiant] [           main] DiscoveryClientOptionalArgsConfiguration : Eureka HTTP Client uses RestTemplate.
2025-04-24T17:33:16.204+01:00  WARN 26472 --- [etudiant] [           main] iguration$LoadBalancerCaffeineWarnLogger : Spring Cloud LoadBalancer is currently working with the default cache. While this cache implementation is useful for development and tests, it's recommended to use Caffeine cache in production.You can switch to using Caffeine cache, by adding it and org.springframework.cache.caffeine.CaffeineCacheManager to the classpath.
2025-04-24T17:33:16.245+01:00  INFO 26472 --- [etudiant] [           main] o.s.c.n.eureka.InstanceInfoFactory       : Setting initial instance status as: STARTING
2025-04-24T17:33:16.300+01:00  INFO 26472 --- [etudiant] [           main] com.netflix.discovery.DiscoveryClient    : Initializing Eureka in region us-east-1
2025-04-24T17:33:16.308+01:00  INFO 26472 --- [etudiant] [           main] c.n.d.s.r.aws.ConfigClusterResolver      : Resolving eureka endpoints via configuration
2025-04-24T17:33:16.332+01:00  INFO 26472 --- [etudiant] [           main] com.netflix.discovery.DiscoveryClient    : Disable delta property : false
2025-04-24T17:33:16.332+01:00  INFO 26472 --- [etudiant] [           main] com.netflix.discovery.DiscoveryClient    : Single vip registry refresh property : null
2025-04-24T17:33:16.332+01:00  INFO 26472 --- [etudiant] [           main] com.netflix.discovery.DiscoveryClient    : Force full registry fetch : false
2025-04-24T17:33:16.333+01:00  INFO 26472 --- [etudiant] [           main] com.netflix.discovery.DiscoveryClient    : Application is null : false
2025-04-24T17:33:16.333+01:00  INFO 26472 --- [etudiant] [           main] com.netflix.discovery.DiscoveryClient    : Registered Applications size is zero : true
2025-04-24T17:33:16.333+01:00  INFO 26472 --- [etudiant] [           main] com.netflix.discovery.DiscoveryClient    : Application version is -1: true
2025-04-24T17:33:16.333+01:00  INFO 26472 --- [etudiant] [           main] com.netflix.discovery.DiscoveryClient    : Getting all instance registry info from the eureka server
2025-04-24T17:33:17.040+01:00  INFO 26472 --- [etudiant] [           main] com.netflix.discovery.DiscoveryClient    : The response status is 200
2025-04-24T17:33:17.045+01:00  INFO 26472 --- [etudiant] [           main] com.netflix.discovery.DiscoveryClient    : Starting heartbeat executor: renew interval is: 30
2025-04-24T17:33:17.048+01:00  INFO 26472 --- [etudiant] [           main] c.n.discovery.InstanceInfoReplicator     : InstanceInfoReplicator onDemand update allowed rate per min is 4
2025-04-24T17:33:17.050+01:00  INFO 26472 --- [etudiant] [           main] com.netflix.discovery.DiscoveryClient    : Discovery Client initialized at timestamp 1745512397049 with initial instances count: 8
2025-04-24T17:33:17.056+01:00  INFO 26472 --- [etudiant] [           main] o.s.c.n.e.s.EurekaServiceRegistry        : Registering application ETUDIANT with eureka with status UP
2025-04-24T17:33:17.057+01:00  INFO 26472 --- [etudiant] [           main] com.netflix.discovery.DiscoveryClient    : Saw local status change event StatusChangeEvent [timestamp=1745512397057, current=UP, previous=STARTING]
2025-04-24T17:33:17.062+01:00  INFO 26472 --- [etudiant] [foReplicator-%d] com.netflix.discovery.DiscoveryClient    : DiscoveryClient_ETUDIANT/host.docker.internal:etudiant:8081: registering service...
2025-04-24T17:33:17.076+01:00  INFO 26472 --- [etudiant] [           main] c.e.etudiant.EtudiantApplicationTests    : Started EtudiantApplicationTests in 11.742 seconds (process running for 14.093)
2025-04-24T17:33:17.151+01:00  INFO 26472 --- [etudiant] [foReplicator-%d] com.netflix.discovery.DiscoveryClient    : DiscoveryClient_ETUDIANT/host.docker.internal:etudiant:8081 - registration status: 204
]]></system-out>
  </testcase>
</testsuite>